app/build/intermediates/manifest_merge_blame_file/debug/manifest-merger-blame-debug-report.txt
1<?xml version="1.0" encoding="utf-8"?>
2<manifest xmlns:android="http://schemas.android.com/apk/res/android"
3    package="com.example.zj"
4    android:versionCode="1"
5    android:versionName="1.0" >
6
7    <uses-sdk
8        android:minSdkVersion="15"
8-->src\main\AndroidManifest.xml
9        android:targetSdkVersion="30" />
9-->src\main\AndroidManifest.xml
10
11    <!-- 这个权限用于进行网络定位 -->
12    <uses-permission android:name="android.permission.ACCESS_COARSE_LOCATION" />
12-->src\main\AndroidManifest.xml:7:5-81
12-->src\main\AndroidManifest.xml:7:22-78
13    <!-- 这个权限用于访问GPS定位 -->
14    <uses-permission android:name="android.permission.ACCESS_FINE_LOCATION" />
14-->src\main\AndroidManifest.xml:9:5-79
14-->src\main\AndroidManifest.xml:9:22-76
15    <!-- 用于访问wifi网络信息，wifi信息会用于进行网络定位 -->
16    <uses-permission android:name="android.permission.ACCESS_WIFI_STATE" />
16-->src\main\AndroidManifest.xml:11:5-76
16-->src\main\AndroidManifest.xml:11:22-73
17    <!-- 获取运营商信息，用于支持提供运营商信息相关的接口 -->
18    <uses-permission android:name="android.permission.ACCESS_NETWORK_STATE" />
18-->src\main\AndroidManifest.xml:13:5-79
18-->src\main\AndroidManifest.xml:13:22-76
19    <!-- 这个权限用于获取wifi的获取权限，wifi信息会用来进行网络定位 -->
20    <uses-permission android:name="android.permission.CHANGE_WIFI_STATE" />
20-->src\main\AndroidManifest.xml:15:5-76
20-->src\main\AndroidManifest.xml:15:22-73
21    <!-- 用于读取手机当前的状态 -->
22    <uses-permission android:name="android.permission.READ_PHONE_STATE" />
22-->src\main\AndroidManifest.xml:17:5-75
22-->src\main\AndroidManifest.xml:17:22-72
23    <!-- 写入扩展存储，向扩展卡写入数据，用于写入离线定位数据 -->
24    <uses-permission android:name="android.permission.WRITE_EXTERNAL_STORAGE" />
24-->src\main\AndroidManifest.xml:19:5-81
24-->src\main\AndroidManifest.xml:19:22-78
25    <!-- 访问网络，网络定位需要上网 -->
26    <uses-permission android:name="android.permission.INTERNET" />
26-->src\main\AndroidManifest.xml:21:5-67
26-->src\main\AndroidManifest.xml:21:22-64
27    <!-- SD卡读取权限，用户写入离线定位数据 -->
28    <uses-permission android:name="android.permission.MOUNT_UNMOUNT_FILESYSTEMS" />
28-->src\main\AndroidManifest.xml:23:5-25:47
28-->src\main\AndroidManifest.xml:24:9-68
29    <!-- 开机自启动 -->
30    <uses-permission android:name="android.permission.RECEIVE_BOOT_COMPLETED" />
30-->src\main\AndroidManifest.xml:27:5-81
30-->src\main\AndroidManifest.xml:27:22-78
31    <!-- 息屏不杀死 -->
32    <uses-permission android:name="android.permission.WAKE_LOCK" />
32-->src\main\AndroidManifest.xml:29:5-68
32-->src\main\AndroidManifest.xml:29:22-65
33    <!-- Jobshelde 权限 -->
34    <uses-permission android:name="android.permission.RECEIVE_BOOT_COMPLETED" />
34-->src\main\AndroidManifest.xml:27:5-81
34-->src\main\AndroidManifest.xml:27:22-78
35    <uses-permission android:name="android.permission.REQUEST_INSTALL_PACKAGES" />
35-->src\main\AndroidManifest.xml:32:5-83
35-->src\main\AndroidManifest.xml:32:22-80
36
37    <application
37-->src\main\AndroidManifest.xml:34:5-77:19
38        android:allowBackup="true"
38-->src\main\AndroidManifest.xml:35:9-35
39        android:debuggable="true"
40        android:icon="@mipmap/ic_launcher"
40-->src\main\AndroidManifest.xml:36:9-43
41        android:label="@string/app_name"
41-->src\main\AndroidManifest.xml:37:9-41
42        android:persistent="true"
42-->src\main\AndroidManifest.xml:41:9-34
43        android:roundIcon="@mipmap/ic_launcher_round"
43-->src\main\AndroidManifest.xml:38:9-54
44        android:supportsRtl="true"
44-->src\main\AndroidManifest.xml:39:9-35
45        android:theme="@style/AppTheme" >
45-->src\main\AndroidManifest.xml:40:9-40
46        <meta-data
46-->src\main\AndroidManifest.xml:42:9-44:64
47            android:name="com.baidu.lbsapi.API_KEY"
47-->src\main\AndroidManifest.xml:43:13-52
48            android:value="3OarHbh5KTh4659ByqsRyLtaOFqCwi2R" />
48-->src\main\AndroidManifest.xml:44:13-61
49
50        <activity android:name="com.example.zj.Main2Activity" >
50-->src\main\AndroidManifest.xml:46:9-52:20
50-->src\main\AndroidManifest.xml:46:19-48
51            <intent-filter>
51-->src\main\AndroidManifest.xml:47:13-51:29
52                <action android:name="android.intent.action.MAIN" />
52-->src\main\AndroidManifest.xml:48:17-69
52-->src\main\AndroidManifest.xml:48:25-66
53
54                <category android:name="android.intent.category.LAUNCHER" />
54-->src\main\AndroidManifest.xml:50:17-77
54-->src\main\AndroidManifest.xml:50:27-74
55            </intent-filter>
56        </activity>
57
58        <service
58-->src\main\AndroidManifest.xml:54:9-57:41
59            android:name="com.baidu.location.f"
59-->src\main\AndroidManifest.xml:55:13-48
60            android:enabled="true"
60-->src\main\AndroidManifest.xml:56:13-35
61            android:process=":remote" />
61-->src\main\AndroidManifest.xml:57:13-38
62
63        <activity android:name="com.example.zj.MainActivity" />
63-->src\main\AndroidManifest.xml:59:9-50
63-->src\main\AndroidManifest.xml:59:19-47
64        <activity
64-->src\main\AndroidManifest.xml:60:9-63:48
65            android:name="com.example.zj.LiveActivity"
65-->src\main\AndroidManifest.xml:61:13-41
66            android:screenOrientation="portrait"
66-->src\main\AndroidManifest.xml:62:13-49
67            android:theme="@style/Livestyle" />
67-->src\main\AndroidManifest.xml:63:13-45
68
69        <service
69-->src\main\AndroidManifest.xml:65:9-70:15
70            android:name="com.example.service.LiveService"
70-->src\main\AndroidManifest.xml:66:13-59
71            android:enabled="true"
71-->src\main\AndroidManifest.xml:68:13-35
72            android:exported="true"
72-->src\main\AndroidManifest.xml:69:13-36
73            android:process=":live_service" />
73-->src\main\AndroidManifest.xml:67:13-44
74        <service
74-->src\main\AndroidManifest.xml:71:9-76:19
75            android:name="com.example.service.MyJobService"
75-->src\main\AndroidManifest.xml:72:13-60
76            android:enabled="true"
76-->src\main\AndroidManifest.xml:74:13-35
77            android:exported="true"
77-->src\main\AndroidManifest.xml:75:13-36
78            android:permission="android.permission.BIND_JOB_SERVICE" >
78-->src\main\AndroidManifest.xml:73:13-69
79        </service>
80    </application>
81
82</manifest>